<?xml version="1.0" encoding="UTF-8"?>
<!-- Generated by org.testng.reporters.JUnitReportReporter -->
<testsuite skipped="0" hostname="LAPTOP-0HUO0DPQ" name="test.TestCases" tests="1" failures="0" timestamp="03 Jul 2020 08:38:44 GMT" time="26.683" errors="0">
  <testcase name="test1" time="26.683" classname="test.TestCases"/>
</testsuite> <!-- test.TestCases -->
