<?xml version="1.0" encoding="UTF-8"?>
<!-- Generated by org.testng.reporters.JUnitReportReporter -->
<testsuite skipped="0" hostname="LAPTOP-0HUO0DPQ" name="com.selenium.tests.PositiveTestCases" tests="1" failures="0" timestamp="2020-07-06T12:33:38 IST" time="12.041" errors="0">
  <testcase name="test1" time="12.041" classname="com.selenium.tests.PositiveTestCases"/>
  <system-out/>
</testsuite> <!-- com.selenium.tests.PositiveTestCases -->
